<?xml version="1.0" encoding="UTF-8"?>
<testng-results ignored="0" total="2" passed="2" failed="0" skipped="0">
  <reporter-output>
  </reporter-output>
  <suite started-at="2026-01-30T23:52:11 IST" name="Automation Suite" finished-at="2026-01-30T23:52:23 IST" duration-ms="11281">
    <groups>
    </groups>
    <test started-at="2026-01-30T23:52:11 IST" name="Web Tests" finished-at="2026-01-30T23:52:23 IST" duration-ms="11281">
      <class name="tests.SearchTest">
        <test-method is-config="true" signature="setUp()[pri:0, instance:tests.SearchTest@1ffaf86]" started-at="2026-01-30T23:52:11 IST" name="setUp" finished-at="2026-01-30T23:52:21 IST" duration-ms="9180" status="PASS">
          <reporter-output>
          </reporter-output>
        </test-method> <!-- setUp -->
        <test-method signature="searchText()[pri:0, instance:tests.SearchTest@1ffaf86]" started-at="2026-01-30T23:52:21 IST" name="searchText" finished-at="2026-01-30T23:52:23 IST" duration-ms="1886" status="PASS">
          <reporter-output>
          </reporter-output>
        </test-method> <!-- searchText -->
        <test-method signature="verifyText()[pri:0, instance:tests.SearchTest@1ffaf86]" started-at="2026-01-30T23:52:23 IST" name="verifyText" finished-at="2026-01-30T23:52:23 IST" duration-ms="23" status="PASS">
          <reporter-output>
          </reporter-output>
        </test-method> <!-- verifyText -->
        <test-method is-config="true" signature="tearDown()[pri:0, instance:tests.SearchTest@1ffaf86]" started-at="2026-01-30T23:52:23 IST" name="tearDown" finished-at="2026-01-30T23:52:23 IST" duration-ms="115" status="PASS">
          <reporter-output>
          </reporter-output>
        </test-method> <!-- tearDown -->
      </class> <!-- tests.SearchTest -->
    </test> <!-- Web Tests -->
  </suite> <!-- Automation Suite -->
</testng-results>
